<?xml version="1.0" encoding="UTF-8"?>
<!-- Generated by org.testng.reporters.JUnitXMLReporter -->
<testsuite ignored="1" hostname="Gajanan" failures="0" tests="1" name="Default test" time="50.837" errors="0" timestamp="2023-11-19T11:45:14 IST">
  <testcase classname="ai.aptipro.tests.MyAccountPageTests" name="changeState" time="25.291"/>
  <testcase classname="ai.aptipro.tests.MyAccountPageTests" name="changePasswordFlowCheck" time="0.0">
    <ignored/>
  </testcase> <!-- changePasswordFlowCheck -->
</testsuite> <!-- Default test -->
