<?xml version="1.0" encoding="UTF-8"?>
<!-- Generated by org.testng.reporters.JUnitXMLReporter -->
<testsuite ignored="0" hostname="Gajanan" failures="0" tests="3" name="Test" time="49.073" errors="0" timestamp="2023-11-19T11:30:14 IST">
  <testcase classname="ai.aptipro.tests.SignInPageTests" name="clickOnForgotPasswordButton" time="11.581"/>
  <testcase classname="ai.aptipro.tests.SignInPageTests" name="loginWithInvalidCredentials" time="4.418"/>
  <testcase classname="ai.aptipro.tests.SignInPageTests" name="loginWithValidCredentials" time="5.131"/>
</testsuite> <!-- Test -->
