<?xml version="1.0" encoding="UTF-8"?>
<testng-results ignored="0" total="1" passed="1" failed="0" skipped="0">
  <reporter-output>
  </reporter-output>
  <suite started-at="2023-11-19T11:44:23 IST" name="Default suite" finished-at="2023-11-19T11:45:14 IST" duration-ms="50837">
    <groups>
    </groups>
    <test started-at="2023-11-19T11:44:23 IST" name="Default test" finished-at="2023-11-19T11:45:14 IST" duration-ms="50837">
      <class name="ai.aptipro.tests.MyAccountPageTests">
        <test-method is-config="true" signature="setUp()[pri:0, instance:ai.aptipro.tests.MyAccountPageTests@69e153c5]" started-at="2023-11-19T11:44:23 IST" name="setUp" finished-at="2023-11-19T11:44:48 IST" duration-ms="24626" status="PASS">
          <reporter-output>
          </reporter-output>
        </test-method> <!-- setUp -->
        <test-method signature="changeState()[pri:0, instance:ai.aptipro.tests.MyAccountPageTests@69e153c5]" started-at="2023-11-19T11:44:48 IST" name="changeState" finished-at="2023-11-19T11:45:13 IST" duration-ms="25291" status="PASS">
          <reporter-output>
          </reporter-output>
        </test-method> <!-- changeState -->
        <test-method is-config="true" signature="closeDown()[pri:0, instance:ai.aptipro.tests.MyAccountPageTests@69e153c5]" started-at="2023-11-19T11:45:13 IST" name="closeDown" finished-at="2023-11-19T11:45:14 IST" duration-ms="775" status="PASS">
          <reporter-output>
          </reporter-output>
        </test-method> <!-- closeDown -->
      </class> <!-- ai.aptipro.tests.MyAccountPageTests -->
    </test> <!-- Default test -->
  </suite> <!-- Default suite -->
</testng-results>
